<?xml version="1.0" encoding="UTF-8" ?>
<testsuite tests="2" failures="1" name="TestSuite" time="52.529" errors="0" skipped="0">
  <properties>
[...]
</properties>
  <testcase classname="org.liveproject.com.SeleniumTests.ipnInvalidLoginTest" name="sanity01_InvalidSignIn" time="14.937"/>
  <testcase classname="org.liveproject.com.SeleniumTests.ipnLoginValidationTest" name="sanity01_InvalidSignIn" time="37.592">
    <failure message="Unable to locate element: {&quot;method&quot;:&quot;name&quot;,&quot;selector&quot;:&quot;//*[@id=&apos;sidebar&apos;]/div/a[1]&quot;}
Command duration or timeout: 15.13 seconds
For documentation on this error, please visit: http://seleniumhq.org/exceptions/no_such_element.html
Build info: version: &apos;2.51.0&apos;, revision: &apos;1af067dbcaedd7d2ab9af5151fc471d363d97193&apos;, time: &apos;2016-02-05 11:20:57&apos;
System info: host: &apos;BOSL0751720B2&apos;, ip: &apos;192.168.1.3&apos;, os.name: &apos;Windows 7&apos;, os.arch: &apos;amd64&apos;, os.version: &apos;6.1&apos;, java.version: &apos;1.8.0_74&apos;
Driver info: org.openqa.selenium.firefox.FirefoxDriver
Capabilities [{applicationCacheEnabled=true, rotatable=false, handlesAlerts=true, databaseEnabled=true, version=44.0.2, platform=WINDOWS, nativeEvents=false, acceptSslCerts=true, webStorageEnabled=true, locationContextEnabled=true, browserName=firefox, takesScreenshot=true, javascriptEnabled=true, cssSelectorsEnabled=true}]
Session ID: 28cce326-501b-4ba2-a26b-c7dc5d6a5be7
*** Element info: {Using=name, value=//*[@id=&apos;sidebar&apos;]/div/a[1]}" type="org.openqa.selenium.NoSuchElementException">org.openqa.selenium.NoSuchElementException: Unable to locate element: {&quot;method&quot;:&quot;name&quot;,&quot;selector&quot;:&quot;//*[@id=&apos;sidebar&apos;]/div/a[1]&quot;}
Command duration or timeout: 15.13 seconds
For documentation on this error, please visit: http://seleniumhq.org/exceptions/no_such_element.html
Build info: version: &apos;2.51.0&apos;, revision: &apos;1af067dbcaedd7d2ab9af5151fc471d363d97193&apos;, time: &apos;2016-02-05 11:20:57&apos;
System info: host: &apos;BOSL0751720B2&apos;, ip: &apos;192.168.1.3&apos;, os.name: &apos;Windows 7&apos;, os.arch: &apos;amd64&apos;, os.version: &apos;6.1&apos;, java.version: &apos;1.8.0_74&apos;
Driver info: org.openqa.selenium.firefox.FirefoxDriver
Capabilities [{applicationCacheEnabled=true, rotatable=false, handlesAlerts=true, databaseEnabled=true, version=44.0.2, platform=WINDOWS, nativeEvents=false, acceptSslCerts=true, webStorageEnabled=true, locationContextEnabled=true, browserName=firefox, takesScreenshot=true, javascriptEnabled=true, cssSelectorsEnabled=true}]
Session ID: 28cce326-501b-4ba2-a26b-c7dc5d6a5be7
*** Element info: {Using=name, value=//*[@id=&apos;sidebar&apos;]/div/a[1]}
	at sun.reflect.NativeConstructorAccessorImpl.newInstance0(Native Method)
	at sun.reflect.NativeConstructorAccessorImpl.newInstance(NativeConstructorAccessorImpl.java:62)
	at sun.reflect.DelegatingConstructorAccessorImpl.newInstance(DelegatingConstructorAccessorImpl.java:45)
	at java.lang.reflect.Constructor.newInstance(Constructor.java:423)
	at org.openqa.selenium.remote.ErrorHandler.createThrowable(ErrorHandler.java:206)
	at org.openqa.selenium.remote.ErrorHandler.throwIfResponseFailed(ErrorHandler.java:158)
	at org.openqa.selenium.remote.RemoteWebDriver.execute(RemoteWebDriver.java:678)
	at org.openqa.selenium.remote.RemoteWebDriver.findElement(RemoteWebDriver.java:363)
	at org.openqa.selenium.remote.RemoteWebDriver.findElementByName(RemoteWebDriver.java:461)
	at org.openqa.selenium.By$ByName.findElement(By.java:303)
	at org.openqa.selenium.remote.RemoteWebDriver.findElement(RemoteWebDriver.java:355)
	at org.openqa.selenium.support.pagefactory.DefaultElementLocator.findElement(DefaultElementLocator.java:69)
	at org.openqa.selenium.support.pagefactory.internal.LocatingElementHandler.invoke(LocatingElementHandler.java:38)
	at com.sun.proxy.$Proxy5.isDisplayed(Unknown Source)
	at org.liveproject.com.SeleniumTests.ipnLoginValidationTest.sanity01_InvalidSignIn(ipnLoginValidationTest.java:76)
Caused by: org.openqa.selenium.NoSuchElementException: Unable to locate element: {&quot;method&quot;:&quot;name&quot;,&quot;selector&quot;:&quot;//*[@id=&apos;sidebar&apos;]/div/a[1]&quot;}
For documentation on this error, please visit: http://seleniumhq.org/exceptions/no_such_element.html
Build info: version: &apos;2.51.0&apos;, revision: &apos;1af067dbcaedd7d2ab9af5151fc471d363d97193&apos;, time: &apos;2016-02-05 11:20:57&apos;
System info: host: &apos;BOSL0751720B2&apos;, ip: &apos;192.168.1.3&apos;, os.name: &apos;Windows 7&apos;, os.arch: &apos;amd64&apos;, os.version: &apos;6.1&apos;, java.version: &apos;1.8.0_74&apos;
Driver info: driver.version: unknown
	at &lt;anonymous class&gt;.FirefoxDriver.prototype.findElementInternal_(file:///C:/Users/ravula/AppData/Local/Temp/anonymous3770732179847167661webdriver-profile/extensions/fxdriver@googlecode.com/components/driver-component.js:10723)
	at &lt;anonymous class&gt;.fxdriver.Timer.prototype.setTimeout/&lt;.notify(file:///C:/Users/ravula/AppData/Local/Temp/anonymous3770732179847167661webdriver-profile/extensions/fxdriver@googlecode.com/components/driver-component.js:623)
</failure>
    <system-out>User Name = merchantedwsqa1@gmail.com
Password = 1234test
Connected to GMAIL
Total Messages:93
Unread Messages:89
Message Count is: 93
================ Message Content ==============================
 
&lt;!DOCTYPE html&gt;	&lt;html&gt;	&lt;head&gt;		&lt;title&gt;Sign in confirmation email&lt;/title&gt;		&lt;meta name=&quot;viewport&quot; content=&quot;width=device-width, initial-scale=1.0, maximum-scale=1.0,&quot; /&gt;		&lt;meta name=&quot;author&quot; content=&quot;&quot;&gt;	&lt;/head&gt;	&lt;body style=&quot;margin:0px 0px 0px 0px; padding:0px 0px 0px 0px;&quot;&gt;		&lt;table style=&quot;width:100%;border-spacing:0px;border:none;margin:0px 0px 0px;padding:0px 0px 0px;font-family:Avenir,sans-serif; margin: 0px 0px 0px 0px;&quot;&gt;			&lt;tr&gt;				&lt;td style=&quot;margin:0px 0px 0px;padding:0px 0px 0px;font-family:Avenir,sans-serif;&quot; &gt;					&lt;table style=&quot;border-spacing:0px; border:none; padding:0px 0px 0px; margin: 0px 0px 0px 0px;width:100%;&quot; align=&quot;center&quot; cellspacing=&quot;0&quot;&gt;						&lt;!-- content --&gt;						&lt;tr style=&quot;padding:0px 0px 0px 0px;&quot;&gt;							&lt;td style=&quot;background:#fff; padding: 18px 15px 25px 15px; color: #333; font-size: 14px; font-family:Avenir,sans-serif;&quot;&gt;								&lt;!-- greetings / h1 --&gt;								&lt;p style=&quot;font-size: 36px;color: #005BBB;margin:0px 0px 0px;font-weight: 500;&quot;&gt;									Confirm your Intuit account								&lt;/p&gt;								&lt;!-- message --&gt;								&lt;p style=&quot;margin:12px 0px 0px 0px; padding: 0px 0px 0px 0px;&quot;&gt;									You requested Intuit to send you an email to confirm your account. You can use this code to complete the process.																	&lt;/p&gt;																&lt;!-- message --&gt;								&lt;p style=&quot;font-size:18px;margin:12px 0px 0px 0px; padding: 0px 0px 0px 0px;&quot;&gt;									Confirmation code: 								&lt;/p&gt;								&lt;p style=&quot;font-size:18px;font-weight:bold;margin:12px 0px 0px 0px; padding: 0px 0px 0px 0px;&quot;&gt;									051728								&lt;/p&gt; 								&lt;!-- seek more help --&gt;								&lt;p style=&quot;font-size:12px;color: #797979;margin:20px 0px 0px 0px;&quot;&gt;									Didn&apos;t request an account confirmation?  &lt;a href=&quot;http://about.intuit.com/contact/&quot; style=&quot;color: #005BBB;&quot;&gt;Contact us&lt;/a&gt;. Don&apos;t reply to this email. It was automatically generated.								&lt;/p&gt;							&lt;/td&gt;						&lt;/tr&gt;						&lt;!-- footer area --&gt;						&lt;tr style=&quot;padding:0px 0px 0px 0px; height: 52px;background:#fff;text-align:center;&quot;&gt;							&lt;td style=&quot;background:#fff; border-top: 1px solid #e5e5e5; padding: 20px 15px 10px 15px;font-family:Avenir,sans-serif;&quot;&gt;								&lt;a href=&quot;https://www.intuit.com&quot; style=&quot;text-decoration:none;border:none;&quot;&gt;									&lt;img src=&quot;https://accounts.intuit.com/images/v2/logo_footer_intuit@2x.png&quot; style=&quot;width:61px; height:20px; border:none;&quot; alt=&quot;Intuit Logo&quot; /&gt;								&lt;/a&gt;							&lt;/td&gt;						&lt;/tr&gt;						&lt;tr style=&quot;padding:0px 0px 0px 0px;background:#fff;&quot;&gt;							&lt;td style=&quot;background:#fff; padding: 0px 15px 10px 15px; color: #797979; font-size: 12px;font-family:Avenir,sans-serif; text-align:center&quot;&gt;								&lt;p style=&quot;padding:0px 0px 0px 0px; margin: 0px 0px 0px;&quot;&gt;									You have received this business communication as part of our efforts to fulfill your request or service your account. You may receive this and other business communications from us even if you have opted out of marketing messages.								&lt;/p&gt;							&lt;/td&gt;						&lt;/tr&gt;					&lt;/table&gt;				&lt;/td&gt;			&lt;/tr&gt;		&lt;/table&gt;	&lt;/body&gt;&lt;/html&gt;
 
================ Message Content ==============================
From = 1420
To = 1537
051728
</system-out>
  </testcase>
</testsuite>